This file contains any messages produced by compilers while
running configure, to aid debugging if configure makes a mistake.

It was created by fasterac configure 2.20, which was
generated by GNU Autoconf 2.71.  Invocation command line was

  $ ./configure --prefix=/Users/qassem.awayies/Projects/compton-npac/pyfasterac/install

## --------- ##
## Platform. ##
## --------- ##

hostname = Qassems-MacBook-Air.local
uname -m = arm64
uname -r = 24.6.0
uname -s = Darwin
uname -v = Darwin Kernel Version 24.6.0: Mon Jul 14 11:30:40 PDT 2025; root:xnu-11417.140.69~1/RELEASE_ARM64_T8132

/usr/bin/uname -p = arm
/bin/uname -X     = unknown

/bin/arch              = unknown
/usr/bin/arch -k       = unknown
/usr/convex/getsysinfo = unknown
/usr/bin/hostinfo      = Mach kernel version:
	 Darwin Kernel Version 24.6.0: Mon Jul 14 11:30:40 PDT 2025; root:xnu-11417.140.69~1/RELEASE_ARM64_T8132
Kernel configured for up to 10 processors.
10 processors are physically available.
10 processors are logically available.
Processor type: arm64e (ARM64E)
Processors active: 0 1 2 3 4 5 6 7 8 9
Primary memory available: 16.00 gigabytes
Default processor set: 760 tasks, 3515 threads, 10 processors
Load average: 5.87, Mach factor: 5.54
/bin/machine           = unknown
/usr/bin/oslevel       = unknown
/bin/universe          = unknown

PATH: /opt/homebrew/Cellar/root/6.36.04/bin/
PATH: /Users/qassem.awayies/geant4/install/bin/
PATH: /Users/qassem.awayies/miniforge3/bin/
PATH: /Users/qassem.awayies/geant4/install/bin/
PATH: /Users/qassem.awayies/.local/share/mamba/condabin/
PATH: /Users/qassem.awayies/miniforge3/bin/
PATH: /opt/homebrew/bin/
PATH: /opt/homebrew/sbin/
PATH: /usr/local/bin/
PATH: /System/Cryptexes/App/usr/bin/
PATH: /usr/bin/
PATH: /bin/
PATH: /usr/sbin/
PATH: /sbin/
PATH: /var/run/com.apple.security.cryptexd/codex.system/bootstrap/usr/local/bin/
PATH: /var/run/com.apple.security.cryptexd/codex.system/bootstrap/usr/bin/
PATH: /var/run/com.apple.security.cryptexd/codex.system/bootstrap/usr/appleinternal/bin/
PATH: /opt/X11/bin/
PATH: /Users/qassem.awayies/.local/bin/
PATH: /Users/qassem.awayies/.local/bin/
PATH: /Users/qassem.awayies/.local/bin/


## ----------- ##
## Core tests. ##
## ----------- ##

configure:2468: looking for aux files: compile config.guess config.sub ltmain.sh missing install-sh
configure:2481:  trying ./
configure:2510:   ./compile found
configure:2510:   ./config.guess found
configure:2510:   ./config.sub found
configure:2510:   ./ltmain.sh found
configure:2510:   ./missing found
configure:2492:   ./install-sh found
configure:2640: checking for a BSD-compatible install
configure:2713: result: /usr/bin/install -c
configure:2724: checking whether build environment is sane
configure:2779: result: yes
configure:2938: checking for a race-free mkdir -p
configure:2982: result: ./install-sh -c -d
configure:2989: checking for gawk
configure:3024: result: no
configure:2989: checking for mawk
configure:3024: result: no
configure:2989: checking for nawk
configure:3024: result: no
configure:2989: checking for awk
configure:3010: found /usr/bin/awk
configure:3021: result: awk
configure:3032: checking whether make sets $(MAKE)
configure:3055: result: yes
configure:3085: checking whether make supports nested variables
configure:3103: result: yes
configure:3277: checking build system type
configure:3292: result: aarch64-apple-darwin24.6.0
configure:3312: checking host system type
configure:3326: result: aarch64-apple-darwin24.6.0
configure:3367: checking how to print strings
configure:3394: result: printf
configure:3428: checking whether make supports the include directive
configure:3443: make -f confmf.GNU && cat confinc.out
this is the am__doit target
configure:3446: $? = 0
configure:3465: result: yes (GNU style)
configure:3541: checking for gcc
configure:3562: found /usr/bin/gcc
configure:3573: result: gcc
configure:3926: checking for C compiler version
configure:3935: gcc --version >&5
Apple clang version 17.0.0 (clang-1700.0.13.5)
Target: arm64-apple-darwin24.6.0
Thread model: posix
InstalledDir: /Library/Developer/CommandLineTools/usr/bin
configure:3946: $? = 0
configure:3935: gcc -v >&5
Apple clang version 17.0.0 (clang-1700.0.13.5)
Target: arm64-apple-darwin24.6.0
Thread model: posix
InstalledDir: /Library/Developer/CommandLineTools/usr/bin
configure:3946: $? = 0
configure:3935: gcc -V >&5
clang: error: argument to '-V' is missing (expected 1 value)
clang: error: no input files
configure:3946: $? = 1
configure:3935: gcc -qversion >&5
clang: error: unknown argument '-qversion'; did you mean '--version'?
clang: error: no input files
configure:3946: $? = 1
configure:3935: gcc -version >&5
clang: error: unknown argument '-version'; did you mean '--version'?
clang: error: no input files
configure:3946: $? = 1
configure:3966: checking whether the C compiler works
configure:3988: gcc    conftest.c  >&5
configure:3992: $? = 0
configure:4042: result: yes
configure:4045: checking for C compiler default output file name
configure:4047: result: a.out
configure:4053: checking for suffix of executables
configure:4060: gcc -o conftest    conftest.c  >&5
configure:4064: $? = 0
configure:4087: result: 
configure:4109: checking whether we are cross compiling
configure:4117: gcc -o conftest    conftest.c  >&5
configure:4121: $? = 0
configure:4128: ./conftest
configure:4132: $? = 0
configure:4147: result: no
configure:4152: checking for suffix of object files
configure:4175: gcc -c   conftest.c >&5
configure:4179: $? = 0
configure:4201: result: o
configure:4205: checking whether the compiler supports GNU C
configure:4225: gcc -c   conftest.c >&5
configure:4225: $? = 0
configure:4235: result: yes
configure:4246: checking whether gcc accepts -g
configure:4267: gcc -c -g  conftest.c >&5
configure:4267: $? = 0
configure:4311: result: yes
configure:4331: checking for gcc option to enable C11 features
configure:4346: gcc  -c -g -O2  conftest.c >&5
conftest.c:25:14: warning: a function definition without a prototype is deprecated in all versions of C and is not supported in C23 [-Wdeprecated-non-prototype]
   25 | static char *e (p, i)
      |              ^
1 warning generated.
configure:4346: $? = 0
configure:4364: result: none needed
configure:4480: checking whether gcc understands -c and -o together
configure:4503: gcc -c conftest.c -o conftest2.o
configure:4506: $? = 0
configure:4503: gcc -c conftest.c -o conftest2.o
configure:4506: $? = 0
configure:4518: result: yes
configure:4537: checking dependency style of gcc
configure:4649: result: gcc3
configure:4664: checking for a sed that does not truncate output
configure:4734: result: /usr/bin/sed
configure:4752: checking for grep that handles long lines and -e
configure:4816: result: /usr/bin/grep
configure:4821: checking for egrep
configure:4889: result: /usr/bin/grep -E
configure:4894: checking for fgrep
configure:4962: result: /usr/bin/grep -F
configure:4998: checking for ld used by gcc
configure:5066: result: /Library/Developer/CommandLineTools/usr/bin/ld
configure:5073: checking if the linker (/Library/Developer/CommandLineTools/usr/bin/ld) is GNU ld
configure:5089: result: no
configure:5101: checking for BSD- or MS-compatible name lister (nm)
configure:5156: result: /usr/bin/nm -B
configure:5296: checking the name lister (/usr/bin/nm -B) interface
configure:5304: gcc -c -g -O2  conftest.c >&5
configure:5307: /usr/bin/nm -B "conftest.o"
configure:5310: output
00000000000002ac S _some_variable
0000000000000000 t ltmp0
00000000000002ac s ltmp1
configure:5317: result: BSD nm
configure:5320: checking whether ln -s works
configure:5324: result: yes
configure:5332: checking the maximum length of command line arguments
configure:5464: result: 786432
configure:5512: checking how to convert aarch64-apple-darwin24.6.0 file names to aarch64-apple-darwin24.6.0 format
configure:5553: result: func_convert_file_noop
configure:5560: checking how to convert aarch64-apple-darwin24.6.0 file names to toolchain format
configure:5581: result: func_convert_file_noop
configure:5588: checking for /Library/Developer/CommandLineTools/usr/bin/ld option to reload object files
configure:5596: result: -r
configure:5675: checking for objdump
configure:5696: found /usr/bin/objdump
configure:5707: result: objdump
configure:5739: checking how to recognize dependent libraries
configure:5940: result: pass_all
configure:6030: checking for dlltool
configure:6065: result: no
configure:6095: checking how to associate runtime and link libraries
configure:6123: result: printf %s\n
configure:6189: checking for ar
configure:6210: found /usr/bin/ar
configure:6221: result: ar
configure:6258: checking for archiver @FILE support
configure:6276: gcc -c -g -O2  conftest.c >&5
configure:6276: $? = 0
configure:6280: ar cr libconftest.a @conftest.lst >&5
ar: @conftest.lst: No such file or directory
configure:6283: $? = 1
configure:6303: result: no
configure:6366: checking for strip
configure:6387: found /usr/bin/strip
configure:6398: result: strip
configure:6475: checking for ranlib
configure:6496: found /usr/bin/ranlib
configure:6507: result: ranlib
configure:6609: checking command to parse /usr/bin/nm -B output from gcc object
configure:6763: gcc -c -g -O2  conftest.c >&5
configure:6766: $? = 0
configure:6770: /usr/bin/nm -B conftest.o | sed -n -e 's/^.*[	 ]\([ABCDGIRSTW][ABCDGIRSTW]*\)[	 ][	 ]*\([_A-Za-z][_A-Za-z0-9]*\)$/\1 \2 \2/p' | sed '/ __gnu_lto/d' > conftest.nm
cannot find nm_test_var in conftest.nm
configure:6763: gcc -c -g -O2  conftest.c >&5
configure:6766: $? = 0
configure:6770: /usr/bin/nm -B conftest.o | sed -n -e 's/^.*[	 ]\([ABCDGIRSTW][ABCDGIRSTW]*\)[	 ][	 ]*_\([_A-Za-z][_A-Za-z0-9]*\)$/\1 _\2 \2/p' | sed '/ __gnu_lto/d' > conftest.nm
configure:6836: gcc -o conftest -g -O2   conftest.c conftstm.o >&5
configure:6839: $? = 0
configure:6877: result: ok
configure:6924: checking for sysroot
configure:6955: result: no
configure:6962: checking for a working dd
configure:7006: result: /bin/dd
configure:7010: checking how to truncate binary pipes
configure:7026: result: /bin/dd bs=4096 count=1
configure:7363: checking for mt
configure:7398: result: no
configure:7418: checking if : is a manifest tool
configure:7425: : '-?'
configure:7433: result: no
configure:7494: checking for dsymutil
configure:7515: found /usr/bin/dsymutil
configure:7526: result: dsymutil
configure:7596: checking for nmedit
configure:7617: found /usr/bin/nmedit
configure:7628: result: nmedit
configure:7698: checking for lipo
configure:7719: found /usr/bin/lipo
configure:7730: result: lipo
configure:7800: checking for otool
configure:7821: found /usr/bin/otool
configure:7832: result: otool
configure:7902: checking for otool64
configure:7937: result: no
configure:7982: checking for -single_module linker flag
gcc -g -O2  -o libconftest.dylib -dynamiclib -Wl,-single_module conftest.c
ld: warning: -single_module is obsolete
configure:8016: result: no
configure:8019: checking for -exported_symbols_list linker flag
configure:8040: gcc -o conftest -g -O2   -Wl,-exported_symbols_list,conftest.sym conftest.c  >&5
configure:8040: $? = 0
configure:8051: result: yes
configure:8054: checking for -force_load linker flag
gcc -g -O2 -c -o conftest.o conftest.c
ar cr libconftest.a conftest.o
ranlib libconftest.a
gcc -g -O2  -o conftest conftest.c -Wl,-force_load,./libconftest.a
configure:8087: result: yes
configure:8163: checking for stdio.h
configure:8163: gcc -c -g -O2  conftest.c >&5
configure:8163: $? = 0
configure:8163: result: yes
configure:8163: checking for stdlib.h
configure:8163: gcc -c -g -O2  conftest.c >&5
configure:8163: $? = 0
configure:8163: result: yes
configure:8163: checking for string.h
configure:8163: gcc -c -g -O2  conftest.c >&5
configure:8163: $? = 0
configure:8163: result: yes
configure:8163: checking for inttypes.h
configure:8163: gcc -c -g -O2  conftest.c >&5
configure:8163: $? = 0
configure:8163: result: yes
configure:8163: checking for stdint.h
configure:8163: gcc -c -g -O2  conftest.c >&5
configure:8163: $? = 0
configure:8163: result: yes
configure:8163: checking for strings.h
configure:8163: gcc -c -g -O2  conftest.c >&5
configure:8163: $? = 0
configure:8163: result: yes
configure:8163: checking for sys/stat.h
configure:8163: gcc -c -g -O2  conftest.c >&5
configure:8163: $? = 0
configure:8163: result: yes
configure:8163: checking for sys/types.h
configure:8163: gcc -c -g -O2  conftest.c >&5
configure:8163: $? = 0
configure:8163: result: yes
configure:8163: checking for unistd.h
configure:8163: gcc -c -g -O2  conftest.c >&5
configure:8163: $? = 0
configure:8163: result: yes
configure:8188: checking for dlfcn.h
configure:8188: gcc -c -g -O2  conftest.c >&5
configure:8188: $? = 0
configure:8188: result: yes
configure:8447: checking for objdir
configure:8463: result: .libs
configure:8727: checking if gcc supports -fno-rtti -fno-exceptions
configure:8746: gcc -c -g -O2  -fno-rtti -fno-exceptions conftest.c >&5
configure:8750: $? = 0
configure:8763: result: yes
configure:9127: checking for gcc option to produce PIC
configure:9135: result: -fno-common -DPIC
configure:9143: checking if gcc PIC flag -fno-common -DPIC works
configure:9162: gcc -c -g -O2  -fno-common -DPIC -DPIC conftest.c >&5
configure:9166: $? = 0
configure:9179: result: yes
configure:9208: checking if gcc static flag -static works
configure:9237: result: no
configure:9252: checking if gcc supports -c -o file.o
configure:9274: gcc -c -g -O2  -o out/conftest2.o conftest.c >&5
configure:9278: $? = 0
configure:9300: result: yes
configure:9308: checking if gcc supports -c -o file.o
configure:9356: result: yes
configure:9389: checking whether the gcc linker (/Library/Developer/CommandLineTools/usr/bin/ld) supports shared libraries
configure:10659: result: yes
configure:10900: checking dynamic linker characteristics
configure:11733: result: darwin24.6.0 dyld
configure:11855: checking how to hardcode library paths into programs
configure:11880: result: immediate
configure:12432: checking whether stripping libraries is possible
configure:12446: result: yes
configure:12472: checking if libtool supports shared libraries
configure:12474: result: yes
configure:12477: checking whether to build shared libraries
configure:12502: result: yes
configure:12505: checking whether to build static libraries
configure:12509: result: yes
configure:12602: checking for gcc
configure:12634: result: gcc
configure:12987: checking for C compiler version
configure:12996: gcc --version >&5
Apple clang version 17.0.0 (clang-1700.0.13.5)
Target: arm64-apple-darwin24.6.0
Thread model: posix
InstalledDir: /Library/Developer/CommandLineTools/usr/bin
configure:13007: $? = 0
configure:12996: gcc -v >&5
Apple clang version 17.0.0 (clang-1700.0.13.5)
Target: arm64-apple-darwin24.6.0
Thread model: posix
InstalledDir: /Library/Developer/CommandLineTools/usr/bin
configure:13007: $? = 0
configure:12996: gcc -V >&5
clang: error: argument to '-V' is missing (expected 1 value)
clang: error: no input files
configure:13007: $? = 1
configure:12996: gcc -qversion >&5
clang: error: unknown argument '-qversion'; did you mean '--version'?
clang: error: no input files
configure:13007: $? = 1
configure:12996: gcc -version >&5
clang: error: unknown argument '-version'; did you mean '--version'?
clang: error: no input files
configure:13007: $? = 1
configure:13011: checking whether the compiler supports GNU C
configure:13041: result: yes
configure:13052: checking whether gcc accepts -g
configure:13117: result: yes
configure:13137: checking for gcc option to enable C11 features
configure:13170: result: none needed
configure:13286: checking whether gcc understands -c and -o together
configure:13324: result: yes
configure:13343: checking dependency style of gcc
configure:13455: result: gcc3
configure:13471: checking whether ln -s works
configure:13475: result: yes
configure:13541: checking for pkg-config
configure:13564: found /opt/homebrew/bin/pkg-config
configure:13576: result: /opt/homebrew/bin/pkg-config
configure:13601: checking pkg-config is at least version 0.9.0
configure:13604: result: yes
configure:13614: checking for round in -lm
configure:13637: gcc -o conftest -g -O2   conftest.c -lm   >&5
conftest.c:27:6: warning: incompatible redeclaration of library function 'round' [-Wincompatible-library-redeclaration]
   27 | char round ();
      |      ^
conftest.c:27:6: note: 'round' is a builtin with type 'double (double)'
1 warning generated.
configure:13637: $? = 0
configure:13647: result: yes
configure:13657: checking for gzopen in -lz
configure:13680: gcc -o conftest -g -O2   conftest.c -lz  -lm  >&5
configure:13680: $? = 0
configure:13690: result: yes
configure:13702: checking for math.h
configure:13702: gcc -c -g -O2  conftest.c >&5
configure:13702: $? = 0
configure:13702: result: yes
configure:13708: checking for limits.h
configure:13708: gcc -c -g -O2  conftest.c >&5
configure:13708: $? = 0
configure:13708: result: yes
configure:13714: checking for float.h
configure:13714: gcc -c -g -O2  conftest.c >&5
configure:13714: $? = 0
configure:13714: result: yes
configure:13720: checking for stdlib.h
configure:13720: result: yes
configure:13726: checking for string.h
configure:13726: result: yes
configure:13732: checking for getopt.h
configure:13732: gcc -c -g -O2  conftest.c >&5
configure:13732: $? = 0
configure:13732: result: yes
configure:13738: checking for zlib.h
configure:13738: gcc -c -g -O2  conftest.c >&5
configure:13738: $? = 0
configure:13738: result: yes
configure:13747: checking for size_t
configure:13747: gcc -c -g -O2  conftest.c >&5
configure:13747: $? = 0
configure:13747: gcc -c -g -O2  conftest.c >&5
conftest.c:63:21: error: expected expression
   63 | if (sizeof ((size_t)))
      |                     ^
1 error generated.
configure:13747: $? = 1
configure: failed program was:
| /* confdefs.h */
| #define PACKAGE_NAME "fasterac"
| #define PACKAGE_TARNAME "fasterac"
| #define PACKAGE_VERSION "2.20"
| #define PACKAGE_STRING "fasterac 2.20"
| #define PACKAGE_BUGREPORT "etasse@lpccaen.in2p3.fr"
| #define PACKAGE_URL "http://faster.in2p3.fr"
| #define PACKAGE "fasterac"
| #define VERSION "2.20"
| #define HAVE_STDIO_H 1
| #define HAVE_STDLIB_H 1
| #define HAVE_STRING_H 1
| #define HAVE_INTTYPES_H 1
| #define HAVE_STDINT_H 1
| #define HAVE_STRINGS_H 1
| #define HAVE_SYS_STAT_H 1
| #define HAVE_SYS_TYPES_H 1
| #define HAVE_UNISTD_H 1
| #define STDC_HEADERS 1
| #define HAVE_DLFCN_H 1
| #define LT_OBJDIR ".libs/"
| #define HAVE_LIBM 1
| #define HAVE_LIBZ 1
| #define HAVE_MATH_H 1
| #define HAVE_LIMITS_H 1
| #define HAVE_FLOAT_H 1
| #define HAVE_STDLIB_H 1
| #define HAVE_STRING_H 1
| #define HAVE_GETOPT_H 1
| #define HAVE_ZLIB_H 1
| /* end confdefs.h.  */
| #include <stddef.h>
| #ifdef HAVE_STDIO_H
| # include <stdio.h>
| #endif
| #ifdef HAVE_STDLIB_H
| # include <stdlib.h>
| #endif
| #ifdef HAVE_STRING_H
| # include <string.h>
| #endif
| #ifdef HAVE_INTTYPES_H
| # include <inttypes.h>
| #endif
| #ifdef HAVE_STDINT_H
| # include <stdint.h>
| #endif
| #ifdef HAVE_STRINGS_H
| # include <strings.h>
| #endif
| #ifdef HAVE_SYS_TYPES_H
| # include <sys/types.h>
| #endif
| #ifdef HAVE_SYS_STAT_H
| # include <sys/stat.h>
| #endif
| #ifdef HAVE_UNISTD_H
| # include <unistd.h>
| #endif
| int
| main (void)
| {
| if (sizeof ((size_t)))
| 	    return 0;
|   ;
|   return 0;
| }
configure:13747: result: yes
configure:13759: checking for GNU libc compatible malloc
configure:13791: gcc -o conftest -g -O2   conftest.c -lz -lm  >&5
configure:13791: $? = 0
configure:13791: ./conftest
configure:13791: $? = 0
configure:13802: result: yes
configure:13828: checking for svnversion
configure:13866: result: no
configure:14040: checking that generated files are newer than configure
configure:14046: result: done
configure:14073: creating ./config.status

## ---------------------- ##
## Running config.status. ##
## ---------------------- ##

This file was extended by fasterac config.status 2.20, which was
generated by GNU Autoconf 2.71.  Invocation command line was

  CONFIG_FILES    = 
  CONFIG_HEADERS  = 
  CONFIG_LINKS    = 
  CONFIG_COMMANDS = 
  $ ./config.status 

on Qassems-MacBook-Air.local

config.status:1025: creating fasterac_config.sh
config.status:1025: creating fasterac_config.csh
config.status:1025: creating fasterac_examples_copy
config.status:1025: creating Makefile
config.status:1025: creating lib/Makefile
config.status:1025: creating src/Makefile
config.status:1025: creating include/Makefile
config.status:1025: creating man/Makefile
config.status:1025: creating man/fasterac.3
config.status:1025: creating src/fasterac_reader_code.c
config.status:1025: creating src/dmo/autoreader.make.in
config.status:1025: creating examples/data_reader/Makefile
config.status:1025: creating examples/faster_to_root/Makefile
config.status:1025: creating examples/faster_to_root/group2tree.C
config.status:1025: creating examples/faster_to_root/group2tree_bis.C
config.status:1025: creating examples/faster_to_root/regroup2tree.C
config.status:1025: creating examples/misc/Makefile
config.status:1025: creating examples/misc/TEST.sh
config.status:1025: creating examples/oscillo/Makefile
config.status:1025: creating examples/osciroot/rootlogon.C
config.status:1025: creating libfasterac.pc
config.status:1197: executing depfiles commands
config.status:1274: cd lib       && sed -e '/# am--include-marker/d' Makefile         | make -f - am--depfiles
config.status:1279: $? = 0
config.status:1274: cd src       && sed -e '/# am--include-marker/d' Makefile         | make -f - am--depfiles
config.status:1279: $? = 0
config.status:1197: executing libtool commands

## ---------------- ##
## Cache variables. ##
## ---------------- ##

ac_cv_build=aarch64-apple-darwin24.6.0
ac_cv_c_compiler_gnu=yes
ac_cv_env_CC_set=
ac_cv_env_CC_value=
ac_cv_env_CFLAGS_set=
ac_cv_env_CFLAGS_value=
ac_cv_env_CPPFLAGS_set=
ac_cv_env_CPPFLAGS_value=
ac_cv_env_LDFLAGS_set=
ac_cv_env_LDFLAGS_value=
ac_cv_env_LIBS_set=
ac_cv_env_LIBS_value=
ac_cv_env_LT_SYS_LIBRARY_PATH_set=
ac_cv_env_LT_SYS_LIBRARY_PATH_value=
ac_cv_env_PKG_CONFIG_LIBDIR_set=
ac_cv_env_PKG_CONFIG_LIBDIR_value=
ac_cv_env_PKG_CONFIG_PATH_set=
ac_cv_env_PKG_CONFIG_PATH_value=
ac_cv_env_PKG_CONFIG_set=
ac_cv_env_PKG_CONFIG_value=
ac_cv_env_build_alias_set=
ac_cv_env_build_alias_value=
ac_cv_env_host_alias_set=
ac_cv_env_host_alias_value=
ac_cv_env_target_alias_set=
ac_cv_env_target_alias_value=
ac_cv_func_malloc_0_nonnull=yes
ac_cv_header_dlfcn_h=yes
ac_cv_header_float_h=yes
ac_cv_header_getopt_h=yes
ac_cv_header_inttypes_h=yes
ac_cv_header_limits_h=yes
ac_cv_header_math_h=yes
ac_cv_header_stdint_h=yes
ac_cv_header_stdio_h=yes
ac_cv_header_stdlib_h=yes
ac_cv_header_string_h=yes
ac_cv_header_strings_h=yes
ac_cv_header_sys_stat_h=yes
ac_cv_header_sys_types_h=yes
ac_cv_header_unistd_h=yes
ac_cv_header_zlib_h=yes
ac_cv_host=aarch64-apple-darwin24.6.0
ac_cv_lib_m_round=yes
ac_cv_lib_z_gzopen=yes
ac_cv_objext=o
ac_cv_path_EGREP='/usr/bin/grep -E'
ac_cv_path_FGREP='/usr/bin/grep -F'
ac_cv_path_GREP=/usr/bin/grep
ac_cv_path_SED=/usr/bin/sed
ac_cv_path_ac_pt_PKG_CONFIG=/opt/homebrew/bin/pkg-config
ac_cv_path_install='/usr/bin/install -c'
ac_cv_path_lt_DD=/bin/dd
ac_cv_prog_AWK=awk
ac_cv_prog_ac_ct_AR=ar
ac_cv_prog_ac_ct_CC=gcc
ac_cv_prog_ac_ct_DSYMUTIL=dsymutil
ac_cv_prog_ac_ct_LIPO=lipo
ac_cv_prog_ac_ct_NMEDIT=nmedit
ac_cv_prog_ac_ct_OBJDUMP=objdump
ac_cv_prog_ac_ct_OTOOL=otool
ac_cv_prog_ac_ct_RANLIB=ranlib
ac_cv_prog_ac_ct_STRIP=strip
ac_cv_prog_cc_c11=
ac_cv_prog_cc_g=yes
ac_cv_prog_cc_stdc=
ac_cv_prog_make_make_set=yes
ac_cv_type_size_t=yes
am_cv_CC_dependencies_compiler_type=gcc3
am_cv_make_support_nested_variables=yes
am_cv_prog_cc_c_o=yes
lt_cv_apple_cc_single_mod=no
lt_cv_ar_at_file=no
lt_cv_deplibs_check_method=pass_all
lt_cv_file_magic_cmd='$MAGIC_CMD'
lt_cv_file_magic_test_file=
lt_cv_ld_exported_symbols_list=yes
lt_cv_ld_force_load=yes
lt_cv_ld_reload_flag=-r
lt_cv_nm_interface='BSD nm'
lt_cv_objdir=.libs
lt_cv_path_LD=/Library/Developer/CommandLineTools/usr/bin/ld
lt_cv_path_NM='/usr/bin/nm -B'
lt_cv_path_mainfest_tool=no
lt_cv_prog_compiler_c_o=yes
lt_cv_prog_compiler_pic='-fno-common -DPIC'
lt_cv_prog_compiler_pic_works=yes
lt_cv_prog_compiler_rtti_exceptions=yes
lt_cv_prog_compiler_static_works=no
lt_cv_prog_gnu_ld=no
lt_cv_sharedlib_from_linklib_cmd='printf %s\n'
lt_cv_sys_global_symbol_pipe='sed -n -e '\''s/^.*[	 ]\([ABCDGIRSTW][ABCDGIRSTW]*\)[	 ][	 ]*_\([_A-Za-z][_A-Za-z0-9]*\)$/\1 _\2 \2/p'\'' | sed '\''/ __gnu_lto/d'\'''
lt_cv_sys_global_symbol_to_c_name_address='sed -n -e '\''s/^: \(.*\) .*$/  {"\1", (void *) 0},/p'\'' -e '\''s/^[ABCDGIRSTW][ABCDGIRSTW]* .* \(.*\)$/  {"\1", (void *) \&\1},/p'\'''
lt_cv_sys_global_symbol_to_c_name_address_lib_prefix='sed -n -e '\''s/^: \(.*\) .*$/  {"\1", (void *) 0},/p'\'' -e '\''s/^[ABCDGIRSTW][ABCDGIRSTW]* .* \(lib.*\)$/  {"\1", (void *) \&\1},/p'\'' -e '\''s/^[ABCDGIRSTW][ABCDGIRSTW]* .* \(.*\)$/  {"lib\1", (void *) \&\1},/p'\'''
lt_cv_sys_global_symbol_to_cdecl='sed -n -e '\''s/^T .* \(.*\)$/extern int \1();/p'\'' -e '\''s/^[ABCDGIRSTW][ABCDGIRSTW]* .* \(.*\)$/extern char \1;/p'\'''
lt_cv_sys_global_symbol_to_import=
lt_cv_sys_max_cmd_len=786432
lt_cv_to_host_file_cmd=func_convert_file_noop
lt_cv_to_tool_file_cmd=func_convert_file_noop
lt_cv_truncate_bin='/bin/dd bs=4096 count=1'

## ----------------- ##
## Output variables. ##
## ----------------- ##

ACLOCAL='${SHELL} '\''/Users/qassem.awayies/Projects/compton-npac/pyfasterac/build/fasterac_lib-prefix/src/fasterac_lib/missing'\'' aclocal-1.16'
AMDEPBACKSLASH='\'
AMDEP_FALSE='#'
AMDEP_TRUE=''
AMTAR='$${TAR-tar}'
AM_BACKSLASH='\'
AM_DEFAULT_V='$(AM_DEFAULT_VERBOSITY)'
AM_DEFAULT_VERBOSITY='1'
AM_V='$(V)'
AR='ar'
AUTOCONF='${SHELL} '\''/Users/qassem.awayies/Projects/compton-npac/pyfasterac/build/fasterac_lib-prefix/src/fasterac_lib/missing'\'' autoconf'
AUTOHEADER='${SHELL} '\''/Users/qassem.awayies/Projects/compton-npac/pyfasterac/build/fasterac_lib-prefix/src/fasterac_lib/missing'\'' autoheader'
AUTOMAKE='${SHELL} '\''/Users/qassem.awayies/Projects/compton-npac/pyfasterac/build/fasterac_lib-prefix/src/fasterac_lib/missing'\'' automake-1.16'
AWK='awk'
CC='gcc'
CCDEPMODE='depmode=gcc3'
CFLAGS='-g -O2'
CPPFLAGS=''
CSCOPE='cscope'
CTAGS='ctags'
CYGPATH_W='echo'
DEFS='-DPACKAGE_NAME=\"fasterac\" -DPACKAGE_TARNAME=\"fasterac\" -DPACKAGE_VERSION=\"2.20\" -DPACKAGE_STRING=\"fasterac\ 2.20\" -DPACKAGE_BUGREPORT=\"etasse@lpccaen.in2p3.fr\" -DPACKAGE_URL=\"http://faster.in2p3.fr\" -DPACKAGE=\"fasterac\" -DVERSION=\"2.20\" -DHAVE_STDIO_H=1 -DHAVE_STDLIB_H=1 -DHAVE_STRING_H=1 -DHAVE_INTTYPES_H=1 -DHAVE_STDINT_H=1 -DHAVE_STRINGS_H=1 -DHAVE_SYS_STAT_H=1 -DHAVE_SYS_TYPES_H=1 -DHAVE_UNISTD_H=1 -DSTDC_HEADERS=1 -DHAVE_DLFCN_H=1 -DLT_OBJDIR=\".libs/\" -DHAVE_LIBM=1 -DHAVE_LIBZ=1 -DHAVE_MATH_H=1 -DHAVE_LIMITS_H=1 -DHAVE_FLOAT_H=1 -DHAVE_STDLIB_H=1 -DHAVE_STRING_H=1 -DHAVE_GETOPT_H=1 -DHAVE_ZLIB_H=1 -DHAVE_MALLOC=1 -DSVN_VERSION=\"\" -DGIT_TAG=\"\"'
DEPDIR='.deps'
DLLTOOL='false'
DSYMUTIL='dsymutil'
DUMPBIN=''
ECHO_C='\c'
ECHO_N=''
ECHO_T=''
EGREP='/usr/bin/grep -E'
ETAGS='etags'
EXEEXT=''
FGREP='/usr/bin/grep -F'
GREP='/usr/bin/grep'
INSTALL_DATA='${INSTALL} -m 644'
INSTALL_PROGRAM='${INSTALL}'
INSTALL_SCRIPT='${INSTALL}'
INSTALL_STRIP_PROGRAM='$(install_sh) -c -s'
LD='/Library/Developer/CommandLineTools/usr/bin/ld'
LDFLAGS=''
LIBOBJS=''
LIBS='-lz -lm '
LIBTOOL='$(SHELL) $(top_builddir)/libtool'
LIPO='lipo'
LN_S='ln -s'
LTLIBOBJS=''
LT_SYS_LIBRARY_PATH=''
MAKEINFO='${SHELL} '\''/Users/qassem.awayies/Projects/compton-npac/pyfasterac/build/fasterac_lib-prefix/src/fasterac_lib/missing'\'' makeinfo'
MANIFEST_TOOL=':'
MKDIR_P='./install-sh -c -d'
NM='/usr/bin/nm -B'
NMEDIT='nmedit'
OBJDUMP='objdump'
OBJEXT='o'
OTOOL64=':'
OTOOL='otool'
PACKAGE='fasterac'
PACKAGE_BUGREPORT='etasse@lpccaen.in2p3.fr'
PACKAGE_NAME='fasterac'
PACKAGE_STRING='fasterac 2.20'
PACKAGE_TARNAME='fasterac'
PACKAGE_URL='http://faster.in2p3.fr'
PACKAGE_VERSION='2.20'
PATH_SEPARATOR=':'
PKG_CONFIG='/opt/homebrew/bin/pkg-config'
PKG_CONFIG_LIBDIR=''
PKG_CONFIG_PATH=''
RANLIB='ranlib'
SED='/usr/bin/sed'
SET_MAKE=''
SHELL='/bin/sh'
STRIP='strip'
VERSION='2.20'
ac_ct_AR='ar'
ac_ct_CC='gcc'
ac_ct_DUMPBIN=''
am__EXEEXT_FALSE=''
am__EXEEXT_TRUE='#'
am__fastdepCC_FALSE='#'
am__fastdepCC_TRUE=''
am__include='include'
am__isrc=''
am__leading_dot='.'
am__nodep='_no'
am__quote=''
am__tar='$${TAR-tar} chof - "$$tardir"'
am__untar='$${TAR-tar} xf -'
bindir='${exec_prefix}/bin'
build='aarch64-apple-darwin24.6.0'
build_alias=''
build_cpu='aarch64'
build_os='darwin24.6.0'
build_vendor='apple'
datadir='${datarootdir}'
datarootdir='${prefix}/share'
docdir='${datarootdir}/doc/${PACKAGE_TARNAME}'
dvidir='${docdir}'
exec_prefix='${prefix}'
host='aarch64-apple-darwin24.6.0'
host_alias=''
host_cpu='aarch64'
host_os='darwin24.6.0'
host_vendor='apple'
htmldir='${docdir}'
includedir='${prefix}/include'
infodir='${datarootdir}/info'
install_sh='${SHELL} /Users/qassem.awayies/Projects/compton-npac/pyfasterac/build/fasterac_lib-prefix/src/fasterac_lib/install-sh'
libdir='${exec_prefix}/lib'
libexecdir='${exec_prefix}/libexec'
localedir='${datarootdir}/locale'
localstatedir='${prefix}/var'
mandir='${datarootdir}/man'
mkdir_p='$(MKDIR_P)'
oldincludedir='/usr/include'
pdfdir='${docdir}'
prefix='/Users/qassem.awayies/Projects/compton-npac/pyfasterac/install'
program_transform_name='s,x,x,'
psdir='${docdir}'
runstatedir='${localstatedir}/run'
sbindir='${exec_prefix}/sbin'
sharedstatedir='${prefix}/com'
svnver=''
sysconfdir='${prefix}/etc'
target_alias=''

## ----------- ##
## confdefs.h. ##
## ----------- ##

/* confdefs.h */
#define PACKAGE_NAME "fasterac"
#define PACKAGE_TARNAME "fasterac"
#define PACKAGE_VERSION "2.20"
#define PACKAGE_STRING "fasterac 2.20"
#define PACKAGE_BUGREPORT "etasse@lpccaen.in2p3.fr"
#define PACKAGE_URL "http://faster.in2p3.fr"
#define PACKAGE "fasterac"
#define VERSION "2.20"
#define HAVE_STDIO_H 1
#define HAVE_STDLIB_H 1
#define HAVE_STRING_H 1
#define HAVE_INTTYPES_H 1
#define HAVE_STDINT_H 1
#define HAVE_STRINGS_H 1
#define HAVE_SYS_STAT_H 1
#define HAVE_SYS_TYPES_H 1
#define HAVE_UNISTD_H 1
#define STDC_HEADERS 1
#define HAVE_DLFCN_H 1
#define LT_OBJDIR ".libs/"
#define HAVE_LIBM 1
#define HAVE_LIBZ 1
#define HAVE_MATH_H 1
#define HAVE_LIMITS_H 1
#define HAVE_FLOAT_H 1
#define HAVE_STDLIB_H 1
#define HAVE_STRING_H 1
#define HAVE_GETOPT_H 1
#define HAVE_ZLIB_H 1
#define HAVE_MALLOC 1
#define SVN_VERSION ""
#define GIT_TAG ""

configure: exit 0
